2026-02-02T19:54:57 | touched: package.json
2026-01-26T23:05:38 | touched: README.md
2025-09-11T00:32:48 | touched: hardhat.config.js
2026-01-06T05:20:18 | touched: hardhat.config.js
2025-09-22T17:24:53 | touched: package.json
2025-07-06T21:30:37 | touched: package.json
2025-01-20T19:31:28 | touched: package.json
2026-01-30T11:26:00 | touched: scripts/deploy.js
2026-01-20T21:23:28 | touched: LICENSE
2025-02-08T15:44:18 | touched: package.json
2025-07-21T23:03:46 | touched: README.md
2026-01-30T10:18:09 | touched: scripts/deploy.js
2026-01-09T23:26:39 | touched: README.md
2026-01-13T15:01:06 | touched: test/Netapistark.test.js
2024-05-22T22:55:37 | touched: LICENSE
2026-01-29T11:17:39 | touched: test/Netapistark.test.js
2025-10-16T04:07:57 | touched: .env.example
2024-11-30T19:08:48 | touched: test/Netapistark.test.js
2024-10-25T23:11:05 | touched: test/Netapistark.test.js
2024-11-16T08:52:15 | touched: README.md
2025-01-17T05:57:34 | touched: .env.example
2025-03-19T15:25:27 | touched: test/Netapistark.test.js
2025-09-09T14:38:52 | touched: hardhat.config.js
2025-02-22T11:05:55 | touched: LICENSE
2025-06-30T00:48:50 | touched: README.md
2025-05-11T08:45:20 | touched: hardhat.config.js
2025-02-01T03:48:52 | touched: hardhat.config.js
2025-07-12T17:08:48 | touched: LICENSE
2025-01-21T19:17:56 | touched: README.md
2025-02-01T21:36:31 | touched: README.md
2025-05-13T17:56:24 | touched: package.json
